  Control.cpp
  Control.events.cpp
  DrawSystem.basics.cpp
C:\Users\ilyin\GitHub\Teleportation\Server\Server\DrawSystem.basics.cpp(53,40): warning C4244: 'argument': conversion from 'double' to 'float', possible loss of data
C:\Users\ilyin\GitHub\Teleportation\Server\Server\DrawSystem.basics.cpp(53,28): warning C4244: 'argument': conversion from 'double' to 'float', possible loss of data
C:\Users\ilyin\GitHub\Teleportation\Server\Server\DrawSystem.basics.cpp(54,40): warning C4244: 'argument': conversion from 'double' to 'T', possible loss of data
C:\Users\ilyin\GitHub\Teleportation\Server\Server\DrawSystem.basics.cpp(54,40): warning C4244:         with
C:\Users\ilyin\GitHub\Teleportation\Server\Server\DrawSystem.basics.cpp(54,40): warning C4244:         [
C:\Users\ilyin\GitHub\Teleportation\Server\Server\DrawSystem.basics.cpp(54,40): warning C4244:             T=float
C:\Users\ilyin\GitHub\Teleportation\Server\Server\DrawSystem.basics.cpp(54,40): warning C4244:         ]
C:\Users\ilyin\GitHub\Teleportation\Server\Server\DrawSystem.basics.cpp(54,33): warning C4244: 'argument': conversion from 'double' to 'T', possible loss of data
C:\Users\ilyin\GitHub\Teleportation\Server\Server\DrawSystem.basics.cpp(54,33): warning C4244:         with
C:\Users\ilyin\GitHub\Teleportation\Server\Server\DrawSystem.basics.cpp(54,33): warning C4244:         [
C:\Users\ilyin\GitHub\Teleportation\Server\Server\DrawSystem.basics.cpp(54,33): warning C4244:             T=float
C:\Users\ilyin\GitHub\Teleportation\Server\Server\DrawSystem.basics.cpp(54,33): warning C4244:         ]
C:\Users\ilyin\GitHub\Teleportation\Server\Server\DrawSystem.basics.cpp(55,67): warning C4244: 'argument': conversion from 'double' to 'sf::Uint8', possible loss of data
C:\Users\ilyin\GitHub\Teleportation\Server\Server\DrawSystem.basics.cpp(55,58): warning C4244: 'argument': conversion from 'double' to 'sf::Uint8', possible loss of data
C:\Users\ilyin\GitHub\Teleportation\Server\Server\DrawSystem.basics.cpp(55,49): warning C4244: 'argument': conversion from 'double' to 'sf::Uint8', possible loss of data
C:\Users\ilyin\GitHub\Teleportation\Server\Server\DrawSystem.basics.cpp(55,40): warning C4244: 'argument': conversion from 'double' to 'sf::Uint8', possible loss of data
C:\Users\ilyin\GitHub\Teleportation\Server\Server\DrawSystem.basics.cpp(56,27): warning C4244: 'argument': conversion from 'double' to 'float', possible loss of data
C:\Users\ilyin\GitHub\Teleportation\Server\Server\DrawSystem.basics.cpp(56,24): warning C4244: 'argument': conversion from 'double' to 'float', possible loss of data
C:\Users\ilyin\GitHub\Teleportation\Server\Server\DrawSystem.basics.cpp(62,40): warning C4244: 'argument': conversion from 'double' to 'float', possible loss of data
C:\Users\ilyin\GitHub\Teleportation\Server\Server\DrawSystem.basics.cpp(62,28): warning C4244: 'argument': conversion from 'double' to 'float', possible loss of data
C:\Users\ilyin\GitHub\Teleportation\Server\Server\DrawSystem.basics.cpp(63,40): warning C4244: 'argument': conversion from 'double' to 'T', possible loss of data
C:\Users\ilyin\GitHub\Teleportation\Server\Server\DrawSystem.basics.cpp(63,40): warning C4244:         with
C:\Users\ilyin\GitHub\Teleportation\Server\Server\DrawSystem.basics.cpp(63,40): warning C4244:         [
C:\Users\ilyin\GitHub\Teleportation\Server\Server\DrawSystem.basics.cpp(63,40): warning C4244:             T=float
C:\Users\ilyin\GitHub\Teleportation\Server\Server\DrawSystem.basics.cpp(63,40): warning C4244:         ]
C:\Users\ilyin\GitHub\Teleportation\Server\Server\DrawSystem.basics.cpp(63,33): warning C4244: 'argument': conversion from 'double' to 'T', possible loss of data
C:\Users\ilyin\GitHub\Teleportation\Server\Server\DrawSystem.basics.cpp(63,33): warning C4244:         with
C:\Users\ilyin\GitHub\Teleportation\Server\Server\DrawSystem.basics.cpp(63,33): warning C4244:         [
C:\Users\ilyin\GitHub\Teleportation\Server\Server\DrawSystem.basics.cpp(63,33): warning C4244:             T=float
C:\Users\ilyin\GitHub\Teleportation\Server\Server\DrawSystem.basics.cpp(63,33): warning C4244:         ]
C:\Users\ilyin\GitHub\Teleportation\Server\Server\DrawSystem.basics.cpp(64,70): warning C4244: 'argument': conversion from 'double' to 'sf::Uint8', possible loss of data
C:\Users\ilyin\GitHub\Teleportation\Server\Server\DrawSystem.basics.cpp(64,61): warning C4244: 'argument': conversion from 'double' to 'sf::Uint8', possible loss of data
C:\Users\ilyin\GitHub\Teleportation\Server\Server\DrawSystem.basics.cpp(64,52): warning C4244: 'argument': conversion from 'double' to 'sf::Uint8', possible loss of data
C:\Users\ilyin\GitHub\Teleportation\Server\Server\DrawSystem.basics.cpp(64,43): warning C4244: 'argument': conversion from 'double' to 'sf::Uint8', possible loss of data
C:\Users\ilyin\GitHub\Teleportation\Server\Server\DrawSystem.basics.cpp(67,27): warning C4244: 'argument': conversion from 'double' to 'float', possible loss of data
C:\Users\ilyin\GitHub\Teleportation\Server\Server\DrawSystem.basics.cpp(67,24): warning C4244: 'argument': conversion from 'double' to 'float', possible loss of data
C:\Users\ilyin\GitHub\Teleportation\Server\Server\DrawSystem.basics.cpp(73,22): warning C4244: 'argument': conversion from 'double' to 'float', possible loss of data
C:\Users\ilyin\GitHub\Teleportation\Server\Server\DrawSystem.basics.cpp(73,19): warning C4244: 'argument': conversion from 'double' to 'float', possible loss of data
C:\Users\ilyin\GitHub\Teleportation\Server\Server\DrawSystem.basics.cpp(74,19): warning C4244: 'argument': conversion from 'double' to 'float', possible loss of data
C:\Users\ilyin\GitHub\Teleportation\Server\Server\DrawSystem.basics.cpp(75,64): warning C4244: 'argument': conversion from 'double' to 'sf::Uint8', possible loss of data
C:\Users\ilyin\GitHub\Teleportation\Server\Server\DrawSystem.basics.cpp(75,55): warning C4244: 'argument': conversion from 'double' to 'sf::Uint8', possible loss of data
C:\Users\ilyin\GitHub\Teleportation\Server\Server\DrawSystem.basics.cpp(75,46): warning C4244: 'argument': conversion from 'double' to 'sf::Uint8', possible loss of data
C:\Users\ilyin\GitHub\Teleportation\Server\Server\DrawSystem.basics.cpp(75,37): warning C4244: 'argument': conversion from 'double' to 'sf::Uint8', possible loss of data
C:\Users\ilyin\GitHub\Teleportation\Server\Server\DrawSystem.basics.cpp(76,24): warning C4244: 'argument': conversion from 'double' to 'float', possible loss of data
C:\Users\ilyin\GitHub\Teleportation\Server\Server\DrawSystem.basics.cpp(76,21): warning C4244: 'argument': conversion from 'double' to 'float', possible loss of data
C:\Users\ilyin\GitHub\Teleportation\Server\Server\DrawSystem.basics.cpp(83,30): warning C4244: 'argument': conversion from 'double' to 'T', possible loss of data
C:\Users\ilyin\GitHub\Teleportation\Server\Server\DrawSystem.basics.cpp(83,30): warning C4244:         with
C:\Users\ilyin\GitHub\Teleportation\Server\Server\DrawSystem.basics.cpp(83,30): warning C4244:         [
C:\Users\ilyin\GitHub\Teleportation\Server\Server\DrawSystem.basics.cpp(83,30): warning C4244:             T=float
C:\Users\ilyin\GitHub\Teleportation\Server\Server\DrawSystem.basics.cpp(83,30): warning C4244:         ]
C:\Users\ilyin\GitHub\Teleportation\Server\Server\DrawSystem.basics.cpp(83,27): warning C4244: 'argument': conversion from 'double' to 'T', possible loss of data
C:\Users\ilyin\GitHub\Teleportation\Server\Server\DrawSystem.basics.cpp(83,27): warning C4244:         with
C:\Users\ilyin\GitHub\Teleportation\Server\Server\DrawSystem.basics.cpp(83,27): warning C4244:         [
C:\Users\ilyin\GitHub\Teleportation\Server\Server\DrawSystem.basics.cpp(83,27): warning C4244:             T=float
C:\Users\ilyin\GitHub\Teleportation\Server\Server\DrawSystem.basics.cpp(83,27): warning C4244:         ]
C:\Users\ilyin\GitHub\Teleportation\Server\Server\DrawSystem.basics.cpp(84,31): warning C4244: 'argument': conversion from 'double' to 'T', possible loss of data
C:\Users\ilyin\GitHub\Teleportation\Server\Server\DrawSystem.basics.cpp(84,31): warning C4244:         with
C:\Users\ilyin\GitHub\Teleportation\Server\Server\DrawSystem.basics.cpp(84,31): warning C4244:         [
C:\Users\ilyin\GitHub\Teleportation\Server\Server\DrawSystem.basics.cpp(84,31): warning C4244:             T=float
C:\Users\ilyin\GitHub\Teleportation\Server\Server\DrawSystem.basics.cpp(84,31): warning C4244:         ]
C:\Users\ilyin\GitHub\Teleportation\Server\Server\DrawSystem.basics.cpp(84,27): warning C4244: 'argument': conversion from 'double' to 'T', possible loss of data
C:\Users\ilyin\GitHub\Teleportation\Server\Server\DrawSystem.basics.cpp(84,27): warning C4244:         with
C:\Users\ilyin\GitHub\Teleportation\Server\Server\DrawSystem.basics.cpp(84,27): warning C4244:         [
C:\Users\ilyin\GitHub\Teleportation\Server\Server\DrawSystem.basics.cpp(84,27): warning C4244:             T=float
C:\Users\ilyin\GitHub\Teleportation\Server\Server\DrawSystem.basics.cpp(84,27): warning C4244:         ]
C:\Users\ilyin\GitHub\Teleportation\Server\Server\DrawSystem.basics.cpp(86,70): warning C4244: 'argument': conversion from 'double' to 'sf::Uint8', possible loss of data
C:\Users\ilyin\GitHub\Teleportation\Server\Server\DrawSystem.basics.cpp(86,61): warning C4244: 'argument': conversion from 'double' to 'sf::Uint8', possible loss of data
C:\Users\ilyin\GitHub\Teleportation\Server\Server\DrawSystem.basics.cpp(86,52): warning C4244: 'argument': conversion from 'double' to 'sf::Uint8', possible loss of data
C:\Users\ilyin\GitHub\Teleportation\Server\Server\DrawSystem.basics.cpp(86,43): warning C4244: 'argument': conversion from 'double' to 'sf::Uint8', possible loss of data
C:\Users\ilyin\GitHub\Teleportation\Server\Server\DrawSystem.basics.cpp(95,56): warning C4244: 'argument': conversion from 'T' to 'float', possible loss of data
C:\Users\ilyin\GitHub\Teleportation\Server\Server\DrawSystem.basics.cpp(95,56): warning C4244:         with
C:\Users\ilyin\GitHub\Teleportation\Server\Server\DrawSystem.basics.cpp(95,56): warning C4244:         [
C:\Users\ilyin\GitHub\Teleportation\Server\Server\DrawSystem.basics.cpp(95,56): warning C4244:             T=unsigned int
C:\Users\ilyin\GitHub\Teleportation\Server\Server\DrawSystem.basics.cpp(95,56): warning C4244:         ]
C:\Users\ilyin\GitHub\Teleportation\Server\Server\DrawSystem.basics.cpp(95,35): warning C4244: 'argument': conversion from 'T' to 'float', possible loss of data
C:\Users\ilyin\GitHub\Teleportation\Server\Server\DrawSystem.basics.cpp(95,35): warning C4244:         with
C:\Users\ilyin\GitHub\Teleportation\Server\Server\DrawSystem.basics.cpp(95,35): warning C4244:         [
C:\Users\ilyin\GitHub\Teleportation\Server\Server\DrawSystem.basics.cpp(95,35): warning C4244:             T=unsigned int
C:\Users\ilyin\GitHub\Teleportation\Server\Server\DrawSystem.basics.cpp(95,35): warning C4244:         ]
C:\Users\ilyin\GitHub\Teleportation\Server\Server\DrawSystem.basics.cpp(97,32): warning C4244: 'argument': conversion from 'double' to 'float', possible loss of data
C:\Users\ilyin\GitHub\Teleportation\Server\Server\DrawSystem.basics.cpp(97,23): warning C4244: 'argument': conversion from 'double' to 'float', possible loss of data
C:\Users\ilyin\GitHub\Teleportation\Server\Server\DrawSystem.basics.cpp(98,24): warning C4244: 'argument': conversion from 'double' to 'float', possible loss of data
C:\Users\ilyin\GitHub\Teleportation\Server\Server\DrawSystem.basics.cpp(98,21): warning C4244: 'argument': conversion from 'double' to 'float', possible loss of data
C:\Users\ilyin\GitHub\Teleportation\Server\Server\DrawSystem.basics.cpp(100,33): warning C4244: 'argument': conversion from 'double' to 'float', possible loss of data
C:\Users\ilyin\GitHub\Teleportation\Server\Server\DrawSystem.basics.cpp(121,67): warning C4244: 'argument': conversion from 'double' to 'sf::Uint8', possible loss of data
C:\Users\ilyin\GitHub\Teleportation\Server\Server\DrawSystem.basics.cpp(121,58): warning C4244: 'argument': conversion from 'double' to 'sf::Uint8', possible loss of data
C:\Users\ilyin\GitHub\Teleportation\Server\Server\DrawSystem.basics.cpp(121,49): warning C4244: 'argument': conversion from 'double' to 'sf::Uint8', possible loss of data
C:\Users\ilyin\GitHub\Teleportation\Server\Server\DrawSystem.basics.cpp(121,40): warning C4244: 'argument': conversion from 'double' to 'sf::Uint8', possible loss of data
C:\Users\ilyin\GitHub\Teleportation\Server\Server\DrawSystem.basics.cpp(124,27): warning C4244: 'argument': conversion from 'double' to 'float', possible loss of data
  DrawSystem.cpp
C:\Users\ilyin\GitHub\Teleportation\Server\Server\DrawSystem.basics.cpp(124,24): warning C4244: 'argument': conversion from 'double' to 'float', possible loss of data
C:\Users\ilyin\GitHub\Teleportation\Server\Server\DrawSystem.cpp(23,50): warning C4244: 'argument': conversion from 'double' to 'T', possible loss of data
C:\Users\ilyin\GitHub\Teleportation\Server\Server\DrawSystem.cpp(23,50): warning C4244:         with
C:\Users\ilyin\GitHub\Teleportation\Server\Server\DrawSystem.cpp(23,50): warning C4244:         [
C:\Users\ilyin\GitHub\Teleportation\Server\Server\DrawSystem.cpp(23,50): warning C4244:             T=float
C:\Users\ilyin\GitHub\Teleportation\Server\Server\DrawSystem.cpp(23,50): warning C4244:         ]
  DrawSystem.loadTextures.cpp
  System.cpp
  System.shoot.cpp
  System.step.cpp
C:\Users\ilyin\GitHub\Teleportation\Server\Server\DrawSystem.cpp(23,47): warning C4244: 'argument': conversion from 'double' to 'T', possible loss of data
C:\Users\ilyin\GitHub\Teleportation\Server\Server\DrawSystem.cpp(23,47): warning C4244:         with
C:\Users\ilyin\GitHub\Teleportation\Server\Server\DrawSystem.cpp(23,47): warning C4244:         [
C:\Users\ilyin\GitHub\Teleportation\Server\Server\DrawSystem.cpp(23,47): warning C4244:             T=float
C:\Users\ilyin\GitHub\Teleportation\Server\Server\DrawSystem.cpp(23,47): warning C4244:         ]
  main.cpp
C:\Users\ilyin\GitHub\Teleportation\Server\Server\System.step.cpp(58,20): warning C4018: '<': signed/unsigned mismatch
  Generating code
  1 of 693 functions ( 0.1%) were compiled, the rest were copied from previous compilation.
    0 functions were new in current compilation
    1 functions had inline decision re-evaluated but remain unchanged
  Finished generating code
  Server.vcxproj -> C:\Users\ilyin\GitHub\Teleportation\Server\Release\Server.exe
