c:\users\ilyin\github\teleportation\server\server\release\vc142.pdb
c:\users\ilyin\github\teleportation\server\server\release\vector2.obj
c:\users\ilyin\github\teleportation\server\server\release\programinterface.obj
c:\users\ilyin\github\teleportation\server\server\release\programconsole.obj
c:\users\ilyin\github\teleportation\server\server\release\programcalculations.obj
c:\users\ilyin\github\teleportation\server\server\release\main.obj
c:\users\ilyin\github\teleportation\server\server\release\graphics.obj
c:\users\ilyin\github\teleportation\server\server\release\extmath.obj
c:\users\ilyin\github\teleportation\server\server\release\complex.obj
c:\users\ilyin\github\teleportation\server\server\release\color.obj
c:\users\ilyin\github\teleportation\server\server\release\camera.obj
c:\users\ilyin\github\teleportation\server\release\server.exe
c:\users\ilyin\github\teleportation\server\release\server.pdb
c:\users\ilyin\github\teleportation\server\release\server.ipdb
c:\users\ilyin\github\teleportation\server\release\server.iobj
c:\users\ilyin\github\teleportation\server\server\release\server.tlog\cl.command.1.tlog
c:\users\ilyin\github\teleportation\server\server\release\server.tlog\cl.read.1.tlog
c:\users\ilyin\github\teleportation\server\server\release\server.tlog\cl.write.1.tlog
c:\users\ilyin\github\teleportation\server\server\release\server.tlog\link.command.1.tlog
c:\users\ilyin\github\teleportation\server\server\release\server.tlog\link.read.1.tlog
c:\users\ilyin\github\teleportation\server\server\release\server.tlog\link.write.1.tlog
c:\users\ilyin\github\teleportation\server\server\release\server.tlog\server.write.1u.tlog
