c:\users\ilyin\github\teleportation\client\client\release\vc142.pdb
c:\users\ilyin\github\teleportation\client\client\release\system.step.obj
c:\users\ilyin\github\teleportation\client\client\release\system.obj
c:\users\ilyin\github\teleportation\client\client\release\random.obj
c:\users\ilyin\github\teleportation\client\client\release\mouse.obj
c:\users\ilyin\github\teleportation\client\client\release\main.obj
c:\users\ilyin\github\teleportation\client\client\release\getmillicount.obj
c:\users\ilyin\github\teleportation\client\client\release\geometry.obj
c:\users\ilyin\github\teleportation\client\client\release\gamepad.obj
c:\users\ilyin\github\teleportation\client\client\release\drawsystem.loadtextures.obj
c:\users\ilyin\github\teleportation\client\client\release\drawsystem.obj
c:\users\ilyin\github\teleportation\client\client\release\drawsystem.basics.obj
c:\users\ilyin\github\teleportation\client\client\release\control.events.obj
c:\users\ilyin\github\teleportation\client\client\release\control.obj
c:\users\ilyin\github\teleportation\client\client\release\color.obj
c:\users\ilyin\github\teleportation\client\client\release\camera.obj
c:\users\ilyin\github\teleportation\client\client\release\vector2d.obj
c:\users\ilyin\github\teleportation\client\release\client.ipdb
c:\users\ilyin\github\teleportation\client\release\client.iobj
c:\users\ilyin\github\teleportation\client\release\client.exe
c:\users\ilyin\github\teleportation\client\release\client.pdb
c:\users\ilyin\github\teleportation\client\client\release\client.tlog\cl.command.1.tlog
c:\users\ilyin\github\teleportation\client\client\release\client.tlog\cl.read.1.tlog
c:\users\ilyin\github\teleportation\client\client\release\client.tlog\cl.write.1.tlog
c:\users\ilyin\github\teleportation\client\client\release\client.tlog\client.write.1u.tlog
c:\users\ilyin\github\teleportation\client\client\release\client.tlog\link.command.1.tlog
c:\users\ilyin\github\teleportation\client\client\release\client.tlog\link.read.1.tlog
c:\users\ilyin\github\teleportation\client\client\release\client.tlog\link.write.1.tlog
